gmake --no-print-directory deps
g++ -std=gnu++20 -fdiagnostics-color=never -Wall -Wextra -Wpedantic -Wshadow -Wold-style-cast -MM -std=gnu++20 -fdiagnostics-color=never ubigint.cpp bigint.cpp libfns.cpp scanner.cpp debug.cpp util.cpp main.cpp >>Makefile.deps
checksource ubigint.cpp
checksource: TOTAL COMPLAINTS: 0
cpplint.py.perl ubigint.cpp
Done processing ubigint.cpp
Total errors found: 0
g++ -std=gnu++20 -fdiagnostics-color=never -Wall -Wextra -Wpedantic -Wshadow -Wold-style-cast -g -O0 -std=gnu++20 -fdiagnostics-color=never -c ubigint.cpp
checksource bigint.cpp
checksource: TOTAL COMPLAINTS: 0
cpplint.py.perl bigint.cpp
Done processing bigint.cpp
Total errors found: 0
g++ -std=gnu++20 -fdiagnostics-color=never -Wall -Wextra -Wpedantic -Wshadow -Wold-style-cast -g -O0 -std=gnu++20 -fdiagnostics-color=never -c bigint.cpp
checksource libfns.cpp
checksource: TOTAL COMPLAINTS: 0
cpplint.py.perl libfns.cpp
Done processing libfns.cpp
Total errors found: 0
g++ -std=gnu++20 -fdiagnostics-color=never -Wall -Wextra -Wpedantic -Wshadow -Wold-style-cast -g -O0 -std=gnu++20 -fdiagnostics-color=never -c libfns.cpp
checksource scanner.cpp
checksource: TOTAL COMPLAINTS: 0
cpplint.py.perl scanner.cpp
Done processing scanner.cpp
Total errors found: 0
g++ -std=gnu++20 -fdiagnostics-color=never -Wall -Wextra -Wpedantic -Wshadow -Wold-style-cast -g -O0 -std=gnu++20 -fdiagnostics-color=never -c scanner.cpp
checksource debug.cpp
checksource: TOTAL COMPLAINTS: 0
cpplint.py.perl debug.cpp
Done processing debug.cpp
Total errors found: 0
g++ -std=gnu++20 -fdiagnostics-color=never -Wall -Wextra -Wpedantic -Wshadow -Wold-style-cast -g -O0 -std=gnu++20 -fdiagnostics-color=never -c debug.cpp
checksource util.cpp
checksource: TOTAL COMPLAINTS: 0
cpplint.py.perl util.cpp
Done processing util.cpp
Total errors found: 0
g++ -std=gnu++20 -fdiagnostics-color=never -Wall -Wextra -Wpedantic -Wshadow -Wold-style-cast -g -O0 -std=gnu++20 -fdiagnostics-color=never -c util.cpp
checksource main.cpp
checksource: TOTAL COMPLAINTS: 0
cpplint.py.perl main.cpp
Done processing main.cpp
Total errors found: 0
g++ -std=gnu++20 -fdiagnostics-color=never -Wall -Wextra -Wpedantic -Wshadow -Wold-style-cast -g -O0 -std=gnu++20 -fdiagnostics-color=never -c main.cpp
g++ -std=gnu++20 -fdiagnostics-color=never -Wall -Wextra -Wpedantic -Wshadow -Wold-style-cast -g -O0 -std=gnu++20 -fdiagnostics-color=never -o ydc ubigint.o bigint.o libfns.o scanner.o debug.o util.o main.o
